<?xml version="1.0" encoding="UTF-8"?>
<testsuite name="com.kodilla.testing.forum.ForumTestSuite" tests="1" skipped="0" failures="0" errors="0" timestamp="2022-01-30T20:51:55" hostname="DESKTOP-UG9KG3K" time="0.03">
  <properties/>
  <testcase name="testCaseUsername()" classname="com.kodilla.testing.forum.ForumTestSuite" time="0.03"/>
  <system-out><![CDATA[]]></system-out>
  <system-err><![CDATA[]]></system-err>
</testsuite>
